WARNING:root:0
WARNING:root:1
WARNING:root:2
WARNING:root:3
WARNING:root:4
WARNING:root:5
WARNING:root:6
WARNING:root:7
WARNING:root:8
WARNING:root:9
WARNING:root:Привет, 0 раз!
WARNING:root:Привет, 1 раз!
WARNING:root:Привет, 2 раз!
WARNING:root:Привет, 3 раз!
WARNING:root:Привет, 4 раз!
WARNING:root:Привет, 5 раз!
WARNING:root:Привет, 6 раз!
WARNING:root:Привет, 7 раз!
WARNING:root:Привет, 8 раз!
WARNING:root:Привет, 9 раз!
2022-03-14 17:56:16,558
2022-03-14 17:56:16,558
2022-03-14 17:56:16,559
2022-03-14 17:56:16,559
2022-03-14 17:56:16,559
2022-03-14 17:56:16,559
2022-03-14 17:56:16,559
2022-03-14 17:56:16,559
2022-03-14 17:56:16,559
2022-03-14 17:56:16,559
2022-03-14 17:57:24,277 WARNING root Привет, 0 раз!
2022-03-14 17:57:24,278 WARNING root Привет, 1 раз!
2022-03-14 17:57:24,278 WARNING root Привет, 2 раз!
2022-03-14 17:57:24,278 WARNING root Привет, 3 раз!
2022-03-14 17:57:24,278 WARNING root Привет, 4 раз!
2022-03-14 17:57:24,278 WARNING root Привет, 5 раз!
2022-03-14 17:57:24,278 WARNING root Привет, 6 раз!
2022-03-14 17:57:24,278 WARNING root Привет, 7 раз!
2022-03-14 17:57:24,278 WARNING root Привет, 8 раз!
2022-03-14 17:57:24,278 WARNING root Привет, 9 раз!
2022-03-14 17:58:04,821 ERROR root Привет, 0 раз!
2022-03-14 17:58:04,821 ERROR root Привет, 1 раз!
2022-03-14 17:58:04,821 ERROR root Привет, 2 раз!
2022-03-14 17:58:04,821 ERROR root Привет, 3 раз!
2022-03-14 17:58:04,821 ERROR root Привет, 4 раз!
2022-03-14 17:58:04,821 ERROR root Привет, 5 раз!
2022-03-14 17:58:04,821 ERROR root Привет, 6 раз!
2022-03-14 17:58:04,821 ERROR root Привет, 7 раз!
2022-03-14 17:58:04,821 ERROR root Привет, 8 раз!
2022-03-14 17:58:04,821 ERROR root Привет, 9 раз!
